2023-06-12 23:16:54,906 INFO a.t.UserTests [main] ------Creating user-------
2023-06-12 23:16:58,049 WARN a.t.UserTests [main] ------User created properly-------
2023-06-12 23:16:58,084 INFO a.t.UserTests [main] ------Getting user-------
2023-06-12 23:16:58,511 DEBUG a.t.UserTests [main] ------Get user ok-------
2023-06-12 23:16:58,519 INFO a.t.UserTests [main] ------Updating user-------
2023-06-12 23:16:59,276 INFO a.t.UserTests [main] ------Checking user-------
2023-06-12 23:16:59,283 INFO a.t.UserTests [main] ------Deleting user-------
2023-06-12 23:16:59,664 INFO a.t.UserTests [main] ------Deleting completed-------
2023-06-12 23:18:36,533 WARN a.t.UserTests [main] ------User created properly-------
2023-06-12 23:19:53,245 INFO a.t.UserTests [main] ------Creating user-------
2023-06-12 23:19:56,381 WARN a.t.UserTests [main] ------User created properly-------
2023-06-12 23:19:56,411 INFO a.t.UserTests [main] ------Getting user-------
2023-06-12 23:19:56,831 DEBUG a.t.UserTests [main] ------Get user ok-------
2023-06-12 23:19:56,842 INFO a.t.UserTests [main] ------Updating user-------
2023-06-12 23:19:57,595 INFO a.t.UserTests [main] ------Checking user-------
2023-06-12 23:19:57,600 INFO a.t.UserTests [main] ------Deleting user-------
2023-06-12 23:19:57,960 INFO a.t.UserTests [main] ------Deleting completed-------
2023-06-12 23:22:25,423 INFO a.t.UserTests [main] ------Creating user-------
2023-06-12 23:22:28,797 WARN a.t.UserTests [main] ------User created properly-------
2023-06-12 23:22:28,831 INFO a.t.UserTests [main] ------Getting user-------
2023-06-12 23:22:29,246 DEBUG a.t.UserTests [main] ------Get user ok-------
2023-06-12 23:22:29,253 INFO a.t.UserTests [main] ------Updating user-------
2023-06-12 23:22:30,019 INFO a.t.UserTests [main] ------Checking user-------
2023-06-12 23:22:30,024 INFO a.t.UserTests [main] ------Deleting user-------
2023-06-12 23:22:30,412 ERROR a.t.UserTests [main] ------Deleting completed-------
2023-06-12 23:28:52,772 INFO a.t.UserTests [main] ------Creating user-------
2023-06-12 23:28:56,908 WARN a.t.UserTests [main] ------User created properly-------
2023-06-12 23:28:56,951 INFO a.t.UserTests [main] ------Getting user-------
2023-06-12 23:28:57,455 DEBUG a.t.UserTests [main] ------Get user ok-------
2023-06-12 23:28:57,467 INFO a.t.UserTests [main] ------Updating user-------
2023-06-12 23:28:58,256 INFO a.t.UserTests [main] ------Checking user-------
2023-06-12 23:28:58,266 INFO a.t.UserTests [main] ------Deleting user-------
2023-06-12 23:28:58,641 ERROR a.t.UserTests [main] ------Deleting completed-------
2023-06-12 23:29:46,019 INFO a.t.UserTests [main] ------Creating user-------
2023-06-12 23:29:50,036 WARN a.t.UserTests [main] ------User created properly-------
2023-06-12 23:29:50,074 INFO a.t.UserTests [main] ------Getting user-------
2023-06-12 23:29:50,517 DEBUG a.t.UserTests [main] ------Get user ok-------
2023-06-12 23:29:50,524 INFO a.t.UserTests [main] ------Updating user-------
2023-06-12 23:29:51,280 INFO a.t.UserTests [main] ------Checking user-------
2023-06-12 23:29:51,284 INFO a.t.UserTests [main] ------Deleting user-------
2023-06-12 23:29:51,652 ERROR a.t.UserTests [main] ------Deleting completed-------
2023-06-12 23:31:40,373 INFO a.t.UserTests [main] ------Creating user-------
2023-06-12 23:31:43,555 WARN a.t.UserTests [main] ------User created properly-------
2023-06-12 23:31:43,592 INFO a.t.UserTests [main] ------Getting user-------
2023-06-12 23:31:43,995 DEBUG a.t.UserTests [main] ------Get user ok-------
2023-06-12 23:31:44,002 INFO a.t.UserTests [main] ------Updating user-------
2023-06-12 23:31:44,779 INFO a.t.UserTests [main] ------Checking user-------
2023-06-12 23:31:44,785 INFO a.t.UserTests [main] ------Deleting user-------
2023-06-12 23:31:45,166 ERROR a.t.UserTests [main] ------Deleting completed-------
2023-06-12 23:32:36,314 DEBUG o.a.p.o.o.PackageRelationshipCollection [main] Parsing relationship: /xl/_rels/workbook.xml.rels
2023-06-12 23:32:36,323 DEBUG o.a.p.o.o.PackageRelationshipCollection [main] Parsing relationship: /xl/worksheets/_rels/sheet1.xml.rels
2023-06-12 23:32:36,326 DEBUG o.a.p.o.o.PackageRelationshipCollection [main] Parsing relationship: /_rels/.rels
2023-06-12 23:32:36,563 TRACE o.a.x.i.c.XBeanDebug [main] Loading type system org.apache.poi.schemas.ooxml.system.ooxml
2023-06-12 23:32:36,567 TRACE o.a.x.i.c.XBeanDebug [main] Loading type system org.apache.xmlbeans.metadata.system.sXMLCONFIG
2023-06-12 23:32:36,568 TRACE o.a.x.i.c.XBeanDebug [main] Loading type system org.apache.xmlbeans.metadata.system.sXMLLANG
2023-06-12 23:32:36,569 TRACE o.a.x.i.c.XBeanDebug [main] Loading type system org.apache.xmlbeans.metadata.system.sXMLSCHEMA
2023-06-12 23:32:36,571 TRACE o.a.x.i.c.XBeanDebug [main] Loading type system org.apache.xmlbeans.metadata.system.sXMLTOOLS
2023-06-12 23:32:36,574 TRACE o.a.x.i.c.XBeanDebug [main] Reading unresolved handles for type system org.apache.xmlbeans.metadata.system.sXMLTOOLS
2023-06-12 23:32:36,591 TRACE o.a.x.i.c.XBeanDebug [main] Finished loading type system org.apache.xmlbeans.metadata.system.sXMLTOOLS
2023-06-12 23:32:36,594 TRACE o.a.x.i.c.XBeanDebug [main] Reading unresolved handles for type system org.apache.xmlbeans.metadata.system.sXMLSCHEMA
2023-06-12 23:32:36,607 TRACE o.a.x.i.c.XBeanDebug [main] Finished loading type system org.apache.xmlbeans.metadata.system.sXMLSCHEMA
2023-06-12 23:32:36,615 TRACE o.a.x.i.c.XBeanDebug [main] Reading unresolved handles for type system org.apache.xmlbeans.metadata.system.sXMLLANG
2023-06-12 23:32:36,617 TRACE o.a.x.i.c.XBeanDebug [main] Finished loading type system org.apache.xmlbeans.metadata.system.sXMLLANG
2023-06-12 23:32:36,620 TRACE o.a.x.i.c.XBeanDebug [main] Reading unresolved handles for type system org.apache.xmlbeans.metadata.system.sXMLCONFIG
2023-06-12 23:32:36,623 TRACE o.a.x.i.c.XBeanDebug [main] Finished loading type system org.apache.xmlbeans.metadata.system.sXMLCONFIG
2023-06-12 23:32:36,631 TRACE o.a.x.i.c.XBeanDebug [main] Reading unresolved handles for type system org.apache.poi.schemas.ooxml.system.ooxml
2023-06-12 23:32:36,704 TRACE o.a.x.i.c.XBeanDebug [main] Finished loading type system org.apache.poi.schemas.ooxml.system.ooxml
2023-06-12 23:32:36,706 TRACE o.a.x.i.c.XBeanDebug [main] Resolving type for handle themefd26doctype
2023-06-12 23:32:36,790 TRACE o.a.x.i.c.XBeanDebug [main] Resolving type for handle stylesheet5d8bdoctype
2023-06-12 23:32:36,801 TRACE o.a.x.i.c.XBeanDebug [main] Resolving type for handle ctstylesheet4257type
2023-06-12 23:32:36,809 TRACE o.a.x.i.c.XBeanDebug [main] Resolving type for handle ctfonts6623type
2023-06-12 23:32:36,814 TRACE o.a.x.i.c.XBeanDebug [main] Resolving type for handle ctfont14d8type
2023-06-12 23:32:36,826 TRACE o.a.x.i.c.XBeanDebug [main] Resolving type for handle ctfills2c6ftype
2023-06-12 23:32:36,831 TRACE o.a.x.i.c.XBeanDebug [main] Resolving type for handle ctfill550ctype
2023-06-12 23:32:36,836 TRACE o.a.x.i.c.XBeanDebug [main] Resolving type for handle ctborders0d66type
2023-06-12 23:32:36,840 TRACE o.a.x.i.c.XBeanDebug [main] Resolving type for handle ctborderf935type
2023-06-12 23:32:36,849 TRACE o.a.x.i.c.XBeanDebug [main] Resolving type for handle ctcellxfs1322type
2023-06-12 23:32:36,860 TRACE o.a.x.i.c.XBeanDebug [main] Resolving type for handle ctxf97f7type
2023-06-12 23:32:36,865 TRACE o.a.x.i.c.XBeanDebug [main] Resolving type for handle ctcellstylexfsa81ftype
2023-06-12 23:32:36,870 TRACE o.a.x.i.c.XBeanDebug [main] Resolving type for handle ctdxfsb26atype
2023-06-12 23:32:36,873 TRACE o.a.x.i.c.XBeanDebug [main] Resolving type for handle cttablestyles872ftype
2023-06-12 23:32:36,879 TRACE o.a.x.i.c.XBeanDebug [main] Resolving type for handle sstf81fdoctype
2023-06-12 23:32:36,888 TRACE o.a.x.i.c.XBeanDebug [main] Resolving type for handle ctsst44f3type
2023-06-12 23:32:36,912 TRACE o.a.x.i.c.XBeanDebug [main] Resolving type for handle ctrsta472type
2023-06-12 23:32:36,947 TRACE o.a.x.i.c.XBeanDebug [main] Resolving type for handle workbookec17doctype
2023-06-12 23:32:36,957 TRACE o.a.x.i.c.XBeanDebug [main] Resolving type for handle ctworkbook83c3type
2023-06-12 23:32:36,967 TRACE o.a.x.i.c.XBeanDebug [main] Resolving type for handle ctsheets49fdtype
2023-06-12 23:32:36,973 TRACE o.a.x.i.c.XBeanDebug [main] Resolving type for handle ctsheet4dbetype
2023-06-12 23:32:36,979 TRACE o.a.x.i.c.XBeanDebug [main] Resolving type for handle strelationshipid1e94type
2023-06-12 23:32:36,985 TRACE o.a.x.i.c.XBeanDebug [main] Resolving type for handle worksheetf539doctype
2023-06-12 23:32:36,998 TRACE o.a.x.i.c.XBeanDebug [main] Resolving type for handle ctworksheet530dtype
2023-06-12 23:32:37,010 TRACE o.a.x.i.c.XBeanDebug [main] Resolving type for handle ctsheetdata8408type
2023-06-12 23:32:37,015 TRACE o.a.x.i.c.XBeanDebug [main] Resolving type for handle ctrowdd39type
2023-06-12 23:32:37,023 TRACE o.a.x.i.c.XBeanDebug [main] Resolving type for handle ctcell842btype
2023-06-12 23:32:37,036 TRACE o.a.x.i.c.XBeanDebug [main] Resolving type for handle stcellrefe4e0type
2023-06-12 23:32:37,053 TRACE o.a.x.i.c.XBeanDebug [main] Resolving type for handle ctcols627ctype
2023-06-12 23:32:37,068 TRACE o.a.x.i.c.XBeanDebug [main] Resolving type for handle cthyperlinks6416type
2023-06-12 23:32:37,075 TRACE o.a.x.i.c.XBeanDebug [main] Resolving type for handle cthyperlink0c85type
2023-06-12 23:32:37,088 TRACE o.a.x.i.c.XBeanDebug [main] Resolving type for handle stxstringf179type
2023-06-12 23:32:37,104 DEBUG o.a.p.o.o.PackageRelationshipCollection [main] Parsing relationship: /xl/_rels/workbook.xml.rels
2023-06-12 23:32:37,111 DEBUG o.a.p.o.o.PackageRelationshipCollection [main] Parsing relationship: /xl/worksheets/_rels/sheet1.xml.rels
2023-06-12 23:32:37,117 DEBUG o.a.p.o.o.PackageRelationshipCollection [main] Parsing relationship: /_rels/.rels
2023-06-12 23:32:37,165 DEBUG o.a.p.o.o.PackageRelationshipCollection [main] Parsing relationship: /xl/_rels/workbook.xml.rels
2023-06-12 23:32:37,172 DEBUG o.a.p.o.o.PackageRelationshipCollection [main] Parsing relationship: /xl/worksheets/_rels/sheet1.xml.rels
2023-06-12 23:32:37,178 DEBUG o.a.p.o.o.PackageRelationshipCollection [main] Parsing relationship: /_rels/.rels
2023-06-12 23:32:37,214 TRACE o.a.x.i.c.XBeanDebug [main] Resolving type for handle stcelltypebf95type
2023-06-12 23:32:37,231 TRACE o.a.x.i.c.XBeanDebug [main] Resolving type for handle stcellstylexfid70c7type
2023-06-12 23:32:37,239 TRACE o.a.x.i.c.XBeanDebug [main] Resolving type for handle stnumfmtid76fbtype
2023-06-12 23:32:37,245 TRACE o.a.x.i.c.XBeanDebug [main] Resolving type for handle ctworkbookpr03a5type
2023-06-12 23:32:37,269 DEBUG o.a.p.o.o.PackageRelationshipCollection [main] Parsing relationship: /xl/_rels/workbook.xml.rels
2023-06-12 23:32:37,273 DEBUG o.a.p.o.o.PackageRelationshipCollection [main] Parsing relationship: /xl/worksheets/_rels/sheet1.xml.rels
2023-06-12 23:32:37,278 DEBUG o.a.p.o.o.PackageRelationshipCollection [main] Parsing relationship: /_rels/.rels
2023-06-12 23:32:37,328 DEBUG o.a.p.o.o.PackageRelationshipCollection [main] Parsing relationship: /xl/_rels/workbook.xml.rels
2023-06-12 23:32:37,334 DEBUG o.a.p.o.o.PackageRelationshipCollection [main] Parsing relationship: /xl/worksheets/_rels/sheet1.xml.rels
2023-06-12 23:32:37,336 DEBUG o.a.p.o.o.PackageRelationshipCollection [main] Parsing relationship: /_rels/.rels
2023-06-12 23:32:37,370 DEBUG o.a.p.o.o.PackageRelationshipCollection [main] Parsing relationship: /xl/_rels/workbook.xml.rels
2023-06-12 23:32:37,377 DEBUG o.a.p.o.o.PackageRelationshipCollection [main] Parsing relationship: /xl/worksheets/_rels/sheet1.xml.rels
2023-06-12 23:32:37,381 DEBUG o.a.p.o.o.PackageRelationshipCollection [main] Parsing relationship: /_rels/.rels
2023-06-12 23:32:37,421 DEBUG o.a.p.o.o.PackageRelationshipCollection [main] Parsing relationship: /xl/_rels/workbook.xml.rels
2023-06-12 23:32:37,426 DEBUG o.a.p.o.o.PackageRelationshipCollection [main] Parsing relationship: /xl/worksheets/_rels/sheet1.xml.rels
2023-06-12 23:32:37,429 DEBUG o.a.p.o.o.PackageRelationshipCollection [main] Parsing relationship: /_rels/.rels
2023-06-12 23:32:37,464 DEBUG o.a.p.o.o.PackageRelationshipCollection [main] Parsing relationship: /xl/_rels/workbook.xml.rels
2023-06-12 23:32:37,466 DEBUG o.a.p.o.o.PackageRelationshipCollection [main] Parsing relationship: /xl/worksheets/_rels/sheet1.xml.rels
2023-06-12 23:32:37,468 DEBUG o.a.p.o.o.PackageRelationshipCollection [main] Parsing relationship: /_rels/.rels
2023-06-12 23:32:37,510 DEBUG o.a.p.o.o.PackageRelationshipCollection [main] Parsing relationship: /xl/_rels/workbook.xml.rels
2023-06-12 23:32:37,516 DEBUG o.a.p.o.o.PackageRelationshipCollection [main] Parsing relationship: /xl/worksheets/_rels/sheet1.xml.rels
2023-06-12 23:32:37,523 DEBUG o.a.p.o.o.PackageRelationshipCollection [main] Parsing relationship: /_rels/.rels
2023-06-12 23:32:37,555 DEBUG o.a.p.o.o.PackageRelationshipCollection [main] Parsing relationship: /xl/_rels/workbook.xml.rels
2023-06-12 23:32:37,561 DEBUG o.a.p.o.o.PackageRelationshipCollection [main] Parsing relationship: /xl/worksheets/_rels/sheet1.xml.rels
2023-06-12 23:32:37,565 DEBUG o.a.p.o.o.PackageRelationshipCollection [main] Parsing relationship: /_rels/.rels
2023-06-12 23:32:37,605 DEBUG o.a.p.o.o.PackageRelationshipCollection [main] Parsing relationship: /xl/_rels/workbook.xml.rels
2023-06-12 23:32:37,608 DEBUG o.a.p.o.o.PackageRelationshipCollection [main] Parsing relationship: /xl/worksheets/_rels/sheet1.xml.rels
2023-06-12 23:32:37,611 DEBUG o.a.p.o.o.PackageRelationshipCollection [main] Parsing relationship: /_rels/.rels
2023-06-12 23:32:37,645 DEBUG o.a.p.o.o.PackageRelationshipCollection [main] Parsing relationship: /xl/_rels/workbook.xml.rels
2023-06-12 23:32:37,652 DEBUG o.a.p.o.o.PackageRelationshipCollection [main] Parsing relationship: /xl/worksheets/_rels/sheet1.xml.rels
2023-06-12 23:32:37,654 DEBUG o.a.p.o.o.PackageRelationshipCollection [main] Parsing relationship: /_rels/.rels
2023-06-12 23:32:37,686 DEBUG o.a.p.o.o.PackageRelationshipCollection [main] Parsing relationship: /xl/_rels/workbook.xml.rels
2023-06-12 23:32:37,690 DEBUG o.a.p.o.o.PackageRelationshipCollection [main] Parsing relationship: /xl/worksheets/_rels/sheet1.xml.rels
2023-06-12 23:32:37,695 DEBUG o.a.p.o.o.PackageRelationshipCollection [main] Parsing relationship: /_rels/.rels
2023-06-12 23:32:37,731 DEBUG o.a.p.o.o.PackageRelationshipCollection [main] Parsing relationship: /xl/_rels/workbook.xml.rels
2023-06-12 23:32:37,733 DEBUG o.a.p.o.o.PackageRelationshipCollection [main] Parsing relationship: /xl/worksheets/_rels/sheet1.xml.rels
2023-06-12 23:32:37,734 DEBUG o.a.p.o.o.PackageRelationshipCollection [main] Parsing relationship: /_rels/.rels
2023-06-12 23:32:37,765 DEBUG o.a.p.o.o.PackageRelationshipCollection [main] Parsing relationship: /xl/_rels/workbook.xml.rels
2023-06-12 23:32:37,768 DEBUG o.a.p.o.o.PackageRelationshipCollection [main] Parsing relationship: /xl/worksheets/_rels/sheet1.xml.rels
2023-06-12 23:32:37,772 DEBUG o.a.p.o.o.PackageRelationshipCollection [main] Parsing relationship: /_rels/.rels
2023-06-12 23:32:37,815 DEBUG o.a.p.o.o.PackageRelationshipCollection [main] Parsing relationship: /xl/_rels/workbook.xml.rels
2023-06-12 23:32:37,820 DEBUG o.a.p.o.o.PackageRelationshipCollection [main] Parsing relationship: /xl/worksheets/_rels/sheet1.xml.rels
2023-06-12 23:32:37,822 DEBUG o.a.p.o.o.PackageRelationshipCollection [main] Parsing relationship: /_rels/.rels
2023-06-12 23:32:37,862 DEBUG o.a.p.o.o.PackageRelationshipCollection [main] Parsing relationship: /xl/_rels/workbook.xml.rels
2023-06-12 23:32:37,864 DEBUG o.a.p.o.o.PackageRelationshipCollection [main] Parsing relationship: /xl/worksheets/_rels/sheet1.xml.rels
2023-06-12 23:32:37,866 DEBUG o.a.p.o.o.PackageRelationshipCollection [main] Parsing relationship: /_rels/.rels
2023-06-12 23:32:37,906 DEBUG o.a.p.o.o.PackageRelationshipCollection [main] Parsing relationship: /xl/_rels/workbook.xml.rels
2023-06-12 23:32:37,913 DEBUG o.a.p.o.o.PackageRelationshipCollection [main] Parsing relationship: /xl/worksheets/_rels/sheet1.xml.rels
2023-06-12 23:32:37,914 DEBUG o.a.p.o.o.PackageRelationshipCollection [main] Parsing relationship: /_rels/.rels
2023-06-12 23:32:37,940 DEBUG o.a.p.o.o.PackageRelationshipCollection [main] Parsing relationship: /xl/_rels/workbook.xml.rels
2023-06-12 23:32:37,945 DEBUG o.a.p.o.o.PackageRelationshipCollection [main] Parsing relationship: /xl/worksheets/_rels/sheet1.xml.rels
2023-06-12 23:32:37,947 DEBUG o.a.p.o.o.PackageRelationshipCollection [main] Parsing relationship: /_rels/.rels
2023-06-12 23:32:37,977 DEBUG o.a.p.o.o.PackageRelationshipCollection [main] Parsing relationship: /xl/_rels/workbook.xml.rels
2023-06-12 23:32:37,982 DEBUG o.a.p.o.o.PackageRelationshipCollection [main] Parsing relationship: /xl/worksheets/_rels/sheet1.xml.rels
2023-06-12 23:32:37,983 DEBUG o.a.p.o.o.PackageRelationshipCollection [main] Parsing relationship: /_rels/.rels
2023-06-12 23:32:38,012 DEBUG o.a.p.o.o.PackageRelationshipCollection [main] Parsing relationship: /xl/_rels/workbook.xml.rels
2023-06-12 23:32:38,017 DEBUG o.a.p.o.o.PackageRelationshipCollection [main] Parsing relationship: /xl/worksheets/_rels/sheet1.xml.rels
2023-06-12 23:32:38,020 DEBUG o.a.p.o.o.PackageRelationshipCollection [main] Parsing relationship: /_rels/.rels
2023-06-12 23:32:38,045 DEBUG o.a.p.o.o.PackageRelationshipCollection [main] Parsing relationship: /xl/_rels/workbook.xml.rels
2023-06-12 23:32:38,047 DEBUG o.a.p.o.o.PackageRelationshipCollection [main] Parsing relationship: /xl/worksheets/_rels/sheet1.xml.rels
2023-06-12 23:32:38,048 DEBUG o.a.p.o.o.PackageRelationshipCollection [main] Parsing relationship: /_rels/.rels
2023-06-12 23:32:38,073 DEBUG o.a.p.o.o.PackageRelationshipCollection [main] Parsing relationship: /xl/_rels/workbook.xml.rels
2023-06-12 23:32:38,079 DEBUG o.a.p.o.o.PackageRelationshipCollection [main] Parsing relationship: /xl/worksheets/_rels/sheet1.xml.rels
2023-06-12 23:32:38,081 DEBUG o.a.p.o.o.PackageRelationshipCollection [main] Parsing relationship: /_rels/.rels
2023-06-12 23:32:38,118 DEBUG o.a.p.o.o.PackageRelationshipCollection [main] Parsing relationship: /xl/_rels/workbook.xml.rels
2023-06-12 23:32:38,124 DEBUG o.a.p.o.o.PackageRelationshipCollection [main] Parsing relationship: /xl/worksheets/_rels/sheet1.xml.rels
2023-06-12 23:32:38,129 DEBUG o.a.p.o.o.PackageRelationshipCollection [main] Parsing relationship: /_rels/.rels
2023-06-12 23:32:38,155 DEBUG o.a.p.o.o.PackageRelationshipCollection [main] Parsing relationship: /xl/_rels/workbook.xml.rels
2023-06-12 23:32:38,159 DEBUG o.a.p.o.o.PackageRelationshipCollection [main] Parsing relationship: /xl/worksheets/_rels/sheet1.xml.rels
2023-06-12 23:32:38,161 DEBUG o.a.p.o.o.PackageRelationshipCollection [main] Parsing relationship: /_rels/.rels
2023-06-12 23:32:38,187 DEBUG o.a.p.o.o.PackageRelationshipCollection [main] Parsing relationship: /xl/_rels/workbook.xml.rels
2023-06-12 23:32:38,194 DEBUG o.a.p.o.o.PackageRelationshipCollection [main] Parsing relationship: /xl/worksheets/_rels/sheet1.xml.rels
2023-06-12 23:32:38,200 DEBUG o.a.p.o.o.PackageRelationshipCollection [main] Parsing relationship: /_rels/.rels
2023-06-12 23:32:38,223 DEBUG o.a.p.o.o.PackageRelationshipCollection [main] Parsing relationship: /xl/_rels/workbook.xml.rels
2023-06-12 23:32:38,229 DEBUG o.a.p.o.o.PackageRelationshipCollection [main] Parsing relationship: /xl/worksheets/_rels/sheet1.xml.rels
2023-06-12 23:32:38,232 DEBUG o.a.p.o.o.PackageRelationshipCollection [main] Parsing relationship: /_rels/.rels
2023-06-12 23:32:38,255 DEBUG o.a.p.o.o.PackageRelationshipCollection [main] Parsing relationship: /xl/_rels/workbook.xml.rels
2023-06-12 23:32:38,257 DEBUG o.a.p.o.o.PackageRelationshipCollection [main] Parsing relationship: /xl/worksheets/_rels/sheet1.xml.rels
2023-06-12 23:32:38,260 DEBUG o.a.p.o.o.PackageRelationshipCollection [main] Parsing relationship: /_rels/.rels
2023-06-12 23:32:38,282 DEBUG o.a.p.o.o.PackageRelationshipCollection [main] Parsing relationship: /xl/_rels/workbook.xml.rels
2023-06-12 23:32:38,286 DEBUG o.a.p.o.o.PackageRelationshipCollection [main] Parsing relationship: /xl/worksheets/_rels/sheet1.xml.rels
2023-06-12 23:32:38,289 DEBUG o.a.p.o.o.PackageRelationshipCollection [main] Parsing relationship: /_rels/.rels
2023-06-12 23:32:38,317 DEBUG o.a.p.o.o.PackageRelationshipCollection [main] Parsing relationship: /xl/_rels/workbook.xml.rels
2023-06-12 23:32:38,319 DEBUG o.a.p.o.o.PackageRelationshipCollection [main] Parsing relationship: /xl/worksheets/_rels/sheet1.xml.rels
2023-06-12 23:32:38,320 DEBUG o.a.p.o.o.PackageRelationshipCollection [main] Parsing relationship: /_rels/.rels
2023-06-12 23:32:42,599 DEBUG o.a.p.o.o.PackageRelationshipCollection [main] Parsing relationship: /xl/_rels/workbook.xml.rels
2023-06-12 23:32:42,601 DEBUG o.a.p.o.o.PackageRelationshipCollection [main] Parsing relationship: /xl/worksheets/_rels/sheet1.xml.rels
2023-06-12 23:32:42,602 DEBUG o.a.p.o.o.PackageRelationshipCollection [main] Parsing relationship: /_rels/.rels
2023-06-12 23:32:42,624 DEBUG o.a.p.o.o.PackageRelationshipCollection [main] Parsing relationship: /xl/_rels/workbook.xml.rels
2023-06-12 23:32:42,630 DEBUG o.a.p.o.o.PackageRelationshipCollection [main] Parsing relationship: /xl/worksheets/_rels/sheet1.xml.rels
2023-06-12 23:32:42,635 DEBUG o.a.p.o.o.PackageRelationshipCollection [main] Parsing relationship: /_rels/.rels
2023-06-12 23:32:42,663 DEBUG o.a.p.o.o.PackageRelationshipCollection [main] Parsing relationship: /xl/_rels/workbook.xml.rels
2023-06-12 23:32:42,667 DEBUG o.a.p.o.o.PackageRelationshipCollection [main] Parsing relationship: /xl/worksheets/_rels/sheet1.xml.rels
2023-06-12 23:32:42,668 DEBUG o.a.p.o.o.PackageRelationshipCollection [main] Parsing relationship: /_rels/.rels
2023-06-12 23:32:42,690 DEBUG o.a.p.o.o.PackageRelationshipCollection [main] Parsing relationship: /xl/_rels/workbook.xml.rels
2023-06-12 23:32:42,695 DEBUG o.a.p.o.o.PackageRelationshipCollection [main] Parsing relationship: /xl/worksheets/_rels/sheet1.xml.rels
2023-06-12 23:32:42,699 DEBUG o.a.p.o.o.PackageRelationshipCollection [main] Parsing relationship: /_rels/.rels
2023-06-12 23:32:42,721 DEBUG o.a.p.o.o.PackageRelationshipCollection [main] Parsing relationship: /xl/_rels/workbook.xml.rels
2023-06-12 23:32:42,728 DEBUG o.a.p.o.o.PackageRelationshipCollection [main] Parsing relationship: /xl/worksheets/_rels/sheet1.xml.rels
2023-06-12 23:32:42,734 DEBUG o.a.p.o.o.PackageRelationshipCollection [main] Parsing relationship: /_rels/.rels
2023-06-12 23:32:44,344 DEBUG o.a.p.o.o.PackageRelationshipCollection [main] Parsing relationship: /xl/_rels/workbook.xml.rels
2023-06-12 23:32:44,346 DEBUG o.a.p.o.o.PackageRelationshipCollection [main] Parsing relationship: /xl/worksheets/_rels/sheet1.xml.rels
2023-06-12 23:32:44,347 DEBUG o.a.p.o.o.PackageRelationshipCollection [main] Parsing relationship: /_rels/.rels
2023-06-12 23:32:44,366 DEBUG o.a.p.o.o.PackageRelationshipCollection [main] Parsing relationship: /xl/_rels/workbook.xml.rels
2023-06-12 23:32:44,367 DEBUG o.a.p.o.o.PackageRelationshipCollection [main] Parsing relationship: /xl/worksheets/_rels/sheet1.xml.rels
2023-06-12 23:32:44,368 DEBUG o.a.p.o.o.PackageRelationshipCollection [main] Parsing relationship: /_rels/.rels
2023-06-12 23:32:44,385 DEBUG o.a.p.o.o.PackageRelationshipCollection [main] Parsing relationship: /xl/_rels/workbook.xml.rels
2023-06-12 23:32:44,387 DEBUG o.a.p.o.o.PackageRelationshipCollection [main] Parsing relationship: /xl/worksheets/_rels/sheet1.xml.rels
2023-06-12 23:32:44,387 DEBUG o.a.p.o.o.PackageRelationshipCollection [main] Parsing relationship: /_rels/.rels
2023-06-12 23:32:44,404 DEBUG o.a.p.o.o.PackageRelationshipCollection [main] Parsing relationship: /xl/_rels/workbook.xml.rels
2023-06-12 23:32:44,405 DEBUG o.a.p.o.o.PackageRelationshipCollection [main] Parsing relationship: /xl/worksheets/_rels/sheet1.xml.rels
2023-06-12 23:32:44,406 DEBUG o.a.p.o.o.PackageRelationshipCollection [main] Parsing relationship: /_rels/.rels
2023-06-12 23:32:44,426 DEBUG o.a.p.o.o.PackageRelationshipCollection [main] Parsing relationship: /xl/_rels/workbook.xml.rels
2023-06-12 23:32:44,431 DEBUG o.a.p.o.o.PackageRelationshipCollection [main] Parsing relationship: /xl/worksheets/_rels/sheet1.xml.rels
2023-06-12 23:32:44,432 DEBUG o.a.p.o.o.PackageRelationshipCollection [main] Parsing relationship: /_rels/.rels
2023-06-12 23:32:46,212 INFO a.t.UserTests [main] ------Creating user-------
2023-06-12 23:32:46,573 WARN a.t.UserTests [main] ------User created properly-------
2023-06-12 23:32:46,577 INFO a.t.UserTests [main] ------Getting user-------
2023-06-12 23:32:46,939 DEBUG a.t.UserTests [main] ------Get user ok-------
2023-06-12 23:32:46,943 INFO a.t.UserTests [main] ------Updating user-------
2023-06-12 23:32:47,693 INFO a.t.UserTests [main] ------Checking user-------
2023-06-12 23:32:47,696 INFO a.t.UserTests [main] ------Deleting user-------
2023-06-12 23:32:48,069 ERROR a.t.UserTests [main] ------Deleting completed-------
2023-06-12 23:34:52,472 WARN a.t.UserTests [main] ------User created properly-------
2023-06-12 23:34:53,960 ERROR a.t.UserTests [main] ------Deleting completed-------
